\BOOKMARK [1][-]{section.1}{\376\377\000A\000b\000s\000t\000r\000a\000c\000t}{}% 1
\BOOKMARK [1][-]{section.2}{\376\377\000I\000n\000t\000r\000o\000d\000u\000c\000t\000i\000o\000n}{}% 2
\BOOKMARK [1][-]{section.3}{\376\377\000L\000i\000t\000e\000r\000a\000t\000u\000r\000e\000\040\000R\000e\000v\000i\000e\000w}{}% 3
\BOOKMARK [2][-]{subsection.3.1}{\376\377\000m\000a\000c\000h\000i\000n\000e\000\040\000u\000n\000l\000e\000a\000r\000n\000i\000n\000g}{section.3}% 4
\BOOKMARK [2][-]{subsection.3.2}{\376\377\000c\000u\000r\000r\000e\000n\000t\000\040\000m\000a\000c\000h\000i\000n\000e\000\040\000u\000n\000l\000e\000a\000r\000n\000i\000n\000g\000\040\000m\000o\000d\000e\000l\000s\000\040\000a\000n\000d\000\040\000t\000e\000c\000h\000n\000i\000q\000u\000e\000s}{section.3}% 5
\BOOKMARK [3][-]{subsubsection.3.2.1}{\376\377\000E\000x\000a\000c\000t\000\040\000u\000n\000l\000e\000a\000r\000n\000i\000n\000g}{subsection.3.2}% 6
\BOOKMARK [3][-]{subsubsection.3.2.2}{\376\377\000A\000p\000p\000r\000o\000x\000i\000m\000a\000t\000e\000\040\000u\000n\000l\000e\000a\000r\000n\000i\000n\000g}{subsection.3.2}% 7
\BOOKMARK [3][-]{subsubsection.3.2.3}{\376\377\000D\000i\000r\000e\000c\000t\000\040\000F\000i\000n\000e\000-\000t\000u\000n\000i\000n\000g}{subsection.3.2}% 8
\BOOKMARK [3][-]{subsubsection.3.2.4}{\376\377\000L\000o\000c\000a\000l\000i\000z\000e\000d\000\040\000P\000a\000r\000a\000m\000e\000t\000e\000r\000\040\000M\000o\000d\000i\000f\000i\000c\000a\000t\000i\000o\000n}{subsection.3.2}% 9
\BOOKMARK [3][-]{subsubsection.3.2.5}{\376\377\000L\000e\000v\000e\000r\000a\000g\000i\000n\000g\000\040\000a\000u\000x\000i\000l\000i\000a\000r\000y\000\040\000m\000o\000d\000e\000l\000s}{subsection.3.2}% 10
\BOOKMARK [3][-]{subsubsection.3.2.6}{\376\377\000I\000n\000p\000u\000t\000/\000O\000u\000t\000p\000u\000t\000-\000b\000a\000s\000e\000d\000\040\000u\000n\000l\000e\000a\000r\000n\000i\000n\000g}{subsection.3.2}% 11
\BOOKMARK [2][-]{subsection.3.3}{\376\377\000M\000e\000t\000r\000i\000c\000\040\000o\000n\000\040\000m\000a\000c\000h\000i\000n\000e\000\040\000u\000n\000l\000e\000a\000r\000n\000i\000n\000g}{section.3}% 12
\BOOKMARK [3][-]{subsubsection.3.3.1}{\376\377\000N\000e\000u\000r\000a\000I\000P\000S\000\040\0002\0000\0002\0003\000\040\000u\000n\000l\000e\000a\000r\000n\000i\000n\000g\000\040\000c\000o\000m\000p\000e\000t\000i\000t\000i\000o\000n\000\040\000b\000e\000n\000c\000h\000m\000a\000r\000k}{subsection.3.3}% 13
\BOOKMARK [2][-]{subsection.3.4}{\376\377\000M\000e\000m\000o\000r\000y\000\040\000c\000o\000n\000s\000o\000l\000i\000d\000a\000t\000i\000o\000n\000\040\000a\000n\000d\000\040\000e\000m\000o\000t\000i\000o\000n\000a\000l\000\040\000m\000e\000m\000o\000r\000y\000\040\000t\000h\000e\000r\000a\000p\000y}{section.3}% 14
\BOOKMARK [2][-]{subsection.3.5}{\376\377\000H\000o\000p\000f\000i\000e\000l\000d\000\040\000n\000e\000t\000w\000o\000r\000k\000,\000\040\000A\000s\000s\000o\000c\000i\000a\000t\000i\000v\000e\000\040\000m\000e\000m\000o\000r\000y\000\040\000m\000o\000d\000e\000l\000i\000n\000g}{section.3}% 15
\BOOKMARK [2][-]{subsection.3.6}{\376\377\000H\000i\000p\000p\000o\000c\000a\000m\000p\000a\000l\000\040\000i\000n\000d\000e\000x\000\040\000t\000h\000e\000o\000r\000y}{section.3}% 16
\BOOKMARK [2][-]{subsection.3.7}{\376\377\000k\000e\000y\000\040\000p\000r\000o\000b\000l\000e\000m\000s\000\040\000a\000n\000d\000\040\000c\000h\000a\000l\000l\000e\000n\000g\000e\000s}{section.3}% 17
\BOOKMARK [2][-]{subsection.3.8}{\376\377\000p\000a\000s\000t\000\040\000w\000o\000r\000k\000\040\000a\000n\000d\000\040\000s\000t\000a\000t\000e\000-\000o\000f\000-\000t\000h\000e\000-\000a\000r\000t}{section.3}% 18
\BOOKMARK [1][-]{section.4}{\376\377\000S\000y\000s\000t\000e\000m\000\040\000r\000e\000q\000u\000i\000r\000e\000m\000e\000n\000t\000s\000\040\000a\000n\000d\000\040\000s\000p\000e\000c\000i\000f\000i\000c\000a\000t\000i\000o\000n}{}% 19
\BOOKMARK [1][-]{section.5}{\376\377\000L\000e\000g\000a\000l\000,\000\040\000S\000o\000c\000i\000a\000l\000\040\000E\000t\000h\000i\000c\000a\000l\000\040\000a\000n\000d\000\040\000P\000r\000o\000f\000e\000s\000s\000i\000o\000n\000a\000l\000\040\000i\000s\000s\000u\000e\000s}{}% 20
\BOOKMARK [1][-]{section.6}{\376\377\000S\000y\000s\000t\000e\000m\000\040\000D\000e\000s\000i\000g\000n}{}% 21
\BOOKMARK [1][-]{section.7}{\376\377\000E\000x\000p\000e\000r\000i\000m\000e\000n\000t\000a\000l\000\040\000R\000e\000s\000u\000l\000t\000s\000\040\000/\000\040\000E\000v\000a\000l\000u\000a\000t\000i\000o\000n}{}% 22
\BOOKMARK [1][-]{section.8}{\376\377\000C\000o\000n\000c\000l\000u\000s\000i\000o\000n\000\040\000a\000n\000d\000\040\000F\000u\000t\000u\000r\000e\000\040\000W\000o\000r\000k}{}% 23
\BOOKMARK [1][-]{section.9}{\376\377\000R\000e\000f\000e\000r\000e\000n\000c\000e\000s}{}% 24
\BOOKMARK [1][-]{appendix.A}{\376\377\000A\000p\000p\000e\000n\000d\000i\000x}{}% 25
